Using pre-set license
Built from '2021.1/staging' branch; Version is '2021.1.7f1 (d91830b65d9b) revision 14227504'; Using compiler version '192528614'; Build Type 'Release'
OS: 'Windows 10 Home; OS build 19043.985; Version 2009; 64bit' Language: 'en' Physical Memory: 8143 MB
BatchMode: 1, IsHumanControllingUs: 0, StartBugReporterOnCrash: 0, Is64bit: 1, IsPro: 0

 COMMAND LINE ARGUMENTS:
C:\Users\Owner\Desktop\UnityFiles\2021.1.7f1\Editor\Unity.exe
-adb2
-batchMode
-noUpm
-name
AssetImportWorker0
-projectPath
C:/Users/Owner/Documents/GitHub/UnityBasics
-logFile
Logs/AssetImportWorker0.log
-srvPort
51538
Successfully changed project path to: C:/Users/Owner/Documents/GitHub/UnityBasics
C:/Users/Owner/Documents/GitHub/UnityBasics
Using Asset Import Pipeline V2.
Refreshing native plugins compatible for Editor in 38.84 ms, found 1 plugins.
Preloading 0 native plugins for Editor in 0.00 ms.
Initialize engine version: 2021.1.7f1 (d91830b65d9b)
[Subsystems] Discovering subsystems at path C:/Users/Owner/Desktop/UnityFiles/2021.1.7f1/Editor/Data/Resources/UnitySubsystems
[Subsystems] Discovering subsystems at path C:/Users/Owner/Documents/GitHub/UnityBasics/Assets
GfxDevice: creating device client; threaded=0; jobified=0
Direct3D:
    Version:  Direct3D 11.0 [level 11.1]
    Renderer: NVIDIA GeForce GTX 970 (ID=0x13c2)
    Vendor:   NVIDIA
    VRAM:     4043 MB
    Driver:   27.21.14.5671
Initialize mono
Mono path[0] = 'C:/Users/Owner/Desktop/UnityFiles/2021.1.7f1/Editor/Data/Managed'
Mono path[1] = 'C:/Users/Owner/Desktop/UnityFiles/2021.1.7f1/Editor/Data/MonoBleedingEdge/lib/mono/unityjit'
Mono config path = 'C:/Users/Owner/Desktop/UnityFiles/2021.1.7f1/Editor/Data/MonoBleedingEdge/etc'
Using monoOptions --debugger-agent=transport=dt_socket,embedding=1,server=y,suspend=n,address=127.0.0.1:56712
Begin MonoManager ReloadAssembly
Registering precompiled unity dll's ...
Register platform support module: C:/Users/Owner/Desktop/UnityFiles/2021.1.7f1/Editor/Data/PlaybackEngines/WebGLSupport/UnityEditor.WebGL.Extensions.dll
Register platform support module: C:/Users/Owner/Desktop/UnityFiles/2021.1.7f1/Editor/Data/PlaybackEngines/MacStandaloneSupport/UnityEditor.OSXStandalone.Extensions.dll
Register platform support module: C:/Users/Owner/Desktop/UnityFiles/2021.1.7f1/Editor/Data/PlaybackEngines/WindowsStandaloneSupport/UnityEditor.WindowsStandalone.Extensions.dll
Registered in 0.005632 seconds.
Native extension for WindowsStandalone target not found
Native extension for OSXStandalone target not found
Native extension for WebGL target not found
Refreshing native plugins compatible for Editor in 40.76 ms, found 1 plugins.
Preloading 0 native plugins for Editor in 0.00 ms.
Mono: successfully reloaded assembly
- Completed reload, in  2.204 seconds
Platform modules already initialized, skipping
Registering precompiled user dll's ...
Registered in 0.001787 seconds.
Begin MonoManager ReloadAssembly
Native extension for WindowsStandalone target not found
Native extension for OSXStandalone target not found
Native extension for WebGL target not found
Refreshing native plugins compatible for Editor in 38.54 ms, found 1 plugins.
Preloading 0 native plugins for Editor in 0.00 ms.
Mono: successfully reloaded assembly
- Completed reload, in  1.186 seconds
Platform modules already initialized, skipping
========================================================================
Worker process is ready to serve import requests
Launched and connected shader compiler UnityShaderCompiler.exe after 0.07 seconds
Refreshing native plugins compatible for Editor in 0.44 ms, found 1 plugins.
Preloading 0 native plugins for Editor in 0.00 ms.
Unloading 1836 Unused Serialized files (Serialized files now loaded: 0)
System memory in use before: 87.1 MB.
System memory in use after: 87.1 MB.

Unloading 19 unused Assets to reduce memory usage. Loaded Objects now: 2298.
Total: 3.923700 ms (FindLiveObjects: 0.240300 ms CreateObjectMapping: 0.177400 ms MarkObjects: 3.434700 ms  DeleteObjects: 0.069700 ms)

========================================================================
Received Import Request.
  path: Assets/Sprites/laser.png
  artifactKey: Guid(6b3b53904bbbc404f835a69e3d361051) Importer(815301076,1909f56bfc062723c751e8b465ee728b)
Start importing Assets/Sprites/laser.png using Guid(6b3b53904bbbc404f835a69e3d361051) Importer(815301076,1909f56bfc062723c751e8b465ee728b)  -> (artifact id: '1e6f0396d5487b6fd3b903a8cea53b4a') in 0.156819 seconds 
========================================================================
Received Import Request.
  Time since last request: 0.000383 seconds.
  path: Assets/Sprites/Spaceship.png
  artifactKey: Guid(811887b0e5c5a5141a1f9db81e36bc16) Importer(815301076,1909f56bfc062723c751e8b465ee728b)
Start importing Assets/Sprites/Spaceship.png using Guid(811887b0e5c5a5141a1f9db81e36bc16) Importer(815301076,1909f56bfc062723c751e8b465ee728b)  -> (artifact id: '8933ae648ec41bd4cdff14941b7edd98') in 0.019464 seconds 
========================================================================
Received Import Request.
  Time since last request: 0.000441 seconds.
  path: Assets/Prefabs/UI.prefab
  artifactKey: Guid(ba84a33e20f6dad4faa9bd1324a4efe0) Importer(815301076,1909f56bfc062723c751e8b465ee728b)
Start importing Assets/Prefabs/UI.prefab using Guid(ba84a33e20f6dad4faa9bd1324a4efe0) Importer(815301076,1909f56bfc062723c751e8b465ee728b)  -> (artifact id: 'a6736774ed1839653aac4a2ae7573e67') in 0.028038 seconds 
========================================================================
Received Import Request.
  Time since last request: 0.000202 seconds.
  path: Assets/Prefabs
  artifactKey: Guid(186854c92a73421468b07b9617c59074) Importer(815301076,1909f56bfc062723c751e8b465ee728b)
Start importing Assets/Prefabs using Guid(186854c92a73421468b07b9617c59074) Importer(815301076,1909f56bfc062723c751e8b465ee728b)  -> (artifact id: 'c4140dfdcf745d806cdae015f23a503b') in 0.002887 seconds 
========================================================================
Received Import Request.
  Time since last request: 0.000304 seconds.
  path: Assets/Sprites/aesteroid.png
  artifactKey: Guid(fafd11fe07eec41419e334449521019e) Importer(815301076,1909f56bfc062723c751e8b465ee728b)
Start importing Assets/Sprites/aesteroid.png using Guid(fafd11fe07eec41419e334449521019e) Importer(815301076,1909f56bfc062723c751e8b465ee728b)  -> (artifact id: 'b42aad5f4da219f18c3910e6dd595448') in 0.014281 seconds 
========================================================================
Received Import Request.
  Time since last request: 0.000350 seconds.
  path: Assets/Prefabs/Flare.prefab
  artifactKey: Guid(97b664342e6b90548899568feb9d689a) Importer(815301076,1909f56bfc062723c751e8b465ee728b)
Start importing Assets/Prefabs/Flare.prefab using Guid(97b664342e6b90548899568feb9d689a) Importer(815301076,1909f56bfc062723c751e8b465ee728b)  -> (artifact id: 'f63abee5d80c4e94f5216c81c5a20edd') in 0.008565 seconds 
========================================================================
Received Import Request.
  Time since last request: 0.000236 seconds.
  path: Assets/Sprites/bg.png
  artifactKey: Guid(40df21afb888c41458208d063fe81c92) Importer(815301076,1909f56bfc062723c751e8b465ee728b)
Start importing Assets/Sprites/bg.png using Guid(40df21afb888c41458208d063fe81c92) Importer(815301076,1909f56bfc062723c751e8b465ee728b)  -> (artifact id: 'a32ede6d2e054e3aa035a7714a6d0d30') in 0.012874 seconds 
AssetImportWorkerClient::OnTransportError - code=2 error=End of file
